[INFO] Scanning for projects...
[INFO] 
[INFO] ------------------< com.beertestshop:beer-test-shop >-------------------
[INFO] Building BeerTestShop 0.0.1-SNAPSHOT
[INFO]   from pom.xml
[INFO] --------------------------------[ jar ]---------------------------------
[INFO] 
[INFO] >>> spring-boot:3.2.3:run (default-cli) > test-compile @ beer-test-shop >>>
[INFO] 
[INFO] --- resources:3.3.1:resources (default-resources) @ beer-test-shop ---
[INFO] Copying 1 resource from src\main\resources to target\classes
[INFO] Copying 0 resource from src\main\resources to target\classes
[INFO] 
[INFO] --- compiler:3.11.0:compile (default-compile) @ beer-test-shop ---
[INFO] Nothing to compile - all classes are up to date
[INFO] 
[INFO] --- resources:3.3.1:testResources (default-testResources) @ beer-test-shop ---
[INFO] skip non existing resourceDirectory C:\Users\Čëü˙\Desktop\beermarket\src\test\resources
[INFO] 
[INFO] --- compiler:3.11.0:testCompile (default-testCompile) @ beer-test-shop ---
[INFO] Nothing to compile - all classes are up to date
[INFO] 
[INFO] <<< spring-boot:3.2.3:run (default-cli) < test-compile @ beer-test-shop <<<
[INFO] 
[INFO] 
[INFO] --- spring-boot:3.2.3:run (default-cli) @ beer-test-shop ---
[INFO] Attaching agents: []

  .   ____          _            __ _ _
 /\\ / ___'_ __ _ _(_)_ __  __ _ \ \ \ \
( ( )\___ | '_ | '_| | '_ \/ _` | \ \ \ \
 \\/  ___)| |_)| | | | | || (_| |  ) ) ) )
  '  |____| .__|_| |_|_| |_\__, | / / / /
 =========|_|==============|___/=/_/_/_/
 :: Spring Boot ::                (v3.2.3)

2026-03-04 17:41:23 [main] INFO  c.b.BeerTestShopApplication - Starting BeerTestShopApplication using Java 17.0.12 with PID 10672 (C:\Users\Čëü˙\Desktop\beermarket\target\classes started by Čëü˙ in C:\Users\Čëü˙\Desktop\beermarket)
2026-03-04 17:41:23 [main] DEBUG c.b.BeerTestShopApplication - Running with Spring Boot v3.2.3, Spring v6.1.4
2026-03-04 17:41:23 [main] INFO  c.b.BeerTestShopApplication - No active profile set, falling back to 1 default profile: "default"
2026-03-04 17:41:24 [main] INFO  o.s.b.w.e.tomcat.TomcatWebServer - Tomcat initialized with port 8080 (http)
2026-03-04 17:41:24 [main] INFO  o.a.catalina.core.StandardService - Starting service [Tomcat]
2026-03-04 17:41:24 [main] INFO  o.a.catalina.core.StandardEngine - Starting Servlet engine: [Apache Tomcat/10.1.19]
2026-03-04 17:41:24 [main] INFO  o.a.c.c.C.[Tomcat].[localhost].[/] - Initializing Spring embedded WebApplicationContext
2026-03-04 17:41:24 [main] INFO  o.s.b.w.s.c.ServletWebServerApplicationContext - Root WebApplicationContext: initialization completed in 763 ms
2026-03-04 17:41:24 [main] INFO  o.s.s.web.DefaultSecurityFilterChain - Will secure any request with [org.springframework.security.web.session.DisableEncodeUrlFilter@552cede7, org.springframework.security.web.context.request.async.WebAsyncManagerIntegrationFilter@1b7f06c7, org.springframework.security.web.context.SecurityContextHolderFilter@42ea7565, org.springframework.security.web.header.HeaderWriterFilter@1f736d00, org.springframework.web.filter.CorsFilter@151732fb, org.springframework.security.web.csrf.CsrfFilter@2b53840a, org.springframework.security.web.authentication.logout.LogoutFilter@35adf623, org.springframework.security.web.authentication.UsernamePasswordAuthenticationFilter@4a9a878, org.springframework.security.web.session.ConcurrentSessionFilter@4262fdeb, org.springframework.security.web.savedrequest.RequestCacheAwareFilter@62b3a2f6, org.springframework.security.web.servletapi.SecurityContextHolderAwareRequestFilter@202898d7, org.springframework.security.web.authentication.AnonymousAuthenticationFilter@729c8063, org.springframework.security.web.session.SessionManagementFilter@718fd7c1, org.springframework.security.web.access.ExceptionTranslationFilter@7f0b93b4, org.springframework.security.web.access.intercept.AuthorizationFilter@36bed37a]
2026-03-04 17:41:24 [main] WARN  o.s.b.w.s.c.AnnotationConfigServletWebServerApplicationContext - Exception encountered during context initialization - cancelling refresh attempt: org.springframework.beans.factory.BeanCreationException: Error creating bean with name 'handlerExceptionResolver' defined in class path resource [org/springframework/boot/autoconfigure/web/servlet/WebMvcAutoConfiguration$EnableWebMvcConfiguration.class]: Failed to instantiate [org.springframework.web.servlet.HandlerExceptionResolver]: Factory method 'handlerExceptionResolver' threw exception with message: Ambiguous @ExceptionHandler method mapped for [class org.springframework.security.access.AccessDeniedException]: {public org.springframework.http.ResponseEntity com.beertestshop.exception.GlobalExceptionHandler.handleSpringSecurityAccessDenied(org.springframework.security.access.AccessDeniedException), public org.springframework.http.ResponseEntity com.beertestshop.exception.GlobalExceptionHandler.handleAccessDenied(org.springframework.security.access.AccessDeniedException)}
2026-03-04 17:41:24 [main] INFO  o.a.catalina.core.StandardService - Stopping service [Tomcat]
2026-03-04 17:41:24 [main] INFO  o.s.b.a.l.ConditionEvaluationReportLogger - 

Error starting ApplicationContext. To display the condition evaluation report re-run your application with 'debug' enabled.
2026-03-04 17:41:24 [main] ERROR o.s.boot.SpringApplication - Application run failed
org.springframework.beans.factory.BeanCreationException: Error creating bean with name 'handlerExceptionResolver' defined in class path resource [org/springframework/boot/autoconfigure/web/servlet/WebMvcAutoConfiguration$EnableWebMvcConfiguration.class]: Failed to instantiate [org.springframework.web.servlet.HandlerExceptionResolver]: Factory method 'handlerExceptionResolver' threw exception with message: Ambiguous @ExceptionHandler method mapped for [class org.springframework.security.access.AccessDeniedException]: {public org.springframework.http.ResponseEntity com.beertestshop.exception.GlobalExceptionHandler.handleSpringSecurityAccessDenied(org.springframework.security.access.AccessDeniedException), public org.springframework.http.ResponseEntity com.beertestshop.exception.GlobalExceptionHandler.handleAccessDenied(org.springframework.security.access.AccessDeniedException)}
	at org.springframework.beans.factory.support.ConstructorResolver.instantiate(ConstructorResolver.java:651)
	at org.springframework.beans.factory.support.ConstructorResolver.instantiateUsingFactoryMethod(ConstructorResolver.java:639)
	at org.springframework.beans.factory.support.AbstractAutowireCapableBeanFactory.instantiateUsingFactoryMethod(AbstractAutowireCapableBeanFactory.java:1335)
	at org.springframework.beans.factory.support.AbstractAutowireCapableBeanFactory.createBeanInstance(AbstractAutowireCapableBeanFactory.java:1165)
	at org.springframework.beans.factory.support.AbstractAutowireCapableBeanFactory.doCreateBean(AbstractAutowireCapableBeanFactory.java:562)
	at org.springframework.beans.factory.support.AbstractAutowireCapableBeanFactory.createBean(AbstractAutowireCapableBeanFactory.java:522)
	at org.springframework.beans.factory.support.AbstractBeanFactory.lambda$doGetBean$0(AbstractBeanFactory.java:325)
	at org.springframework.beans.factory.support.DefaultSingletonBeanRegistry.getSingleton(DefaultSingletonBeanRegistry.java:234)
	at org.springframework.beans.factory.support.AbstractBeanFactory.doGetBean(AbstractBeanFactory.java:323)
	at org.springframework.beans.factory.support.AbstractBeanFactory.getBean(AbstractBeanFactory.java:199)
	at org.springframework.beans.factory.support.DefaultListableBeanFactory.preInstantiateSingletons(DefaultListableBeanFactory.java:975)
	at org.springframework.context.support.AbstractApplicationContext.finishBeanFactoryInitialization(AbstractApplicationContext.java:959)
	at org.springframework.context.support.AbstractApplicationContext.refresh(AbstractApplicationContext.java:624)
	at org.springframework.boot.web.servlet.context.ServletWebServerApplicationContext.refresh(ServletWebServerApplicationContext.java:146)
	at org.springframework.boot.SpringApplication.refresh(SpringApplication.java:754)
	at org.springframework.boot.SpringApplication.refreshContext(SpringApplication.java:456)
	at org.springframework.boot.SpringApplication.run(SpringApplication.java:334)
	at org.springframework.boot.SpringApplication.run(SpringApplication.java:1354)
	at org.springframework.boot.SpringApplication.run(SpringApplication.java:1343)
	at com.beertestshop.BeerTestShopApplication.main(BeerTestShopApplication.java:17)
Caused by: org.springframework.beans.BeanInstantiationException: Failed to instantiate [org.springframework.web.servlet.HandlerExceptionResolver]: Factory method 'handlerExceptionResolver' threw exception with message: Ambiguous @ExceptionHandler method mapped for [class org.springframework.security.access.AccessDeniedException]: {public org.springframework.http.ResponseEntity com.beertestshop.exception.GlobalExceptionHandler.handleSpringSecurityAccessDenied(org.springframework.security.access.AccessDeniedException), public org.springframework.http.ResponseEntity com.beertestshop.exception.GlobalExceptionHandler.handleAccessDenied(org.springframework.security.access.AccessDeniedException)}
	at org.springframework.beans.factory.support.SimpleInstantiationStrategy.instantiate(SimpleInstantiationStrategy.java:177)
	at org.springframework.beans.factory.support.ConstructorResolver.instantiate(ConstructorResolver.java:647)
	... 19 common frames omitted
Caused by: java.lang.IllegalStateException: Ambiguous @ExceptionHandler method mapped for [class org.springframework.security.access.AccessDeniedException]: {public org.springframework.http.ResponseEntity com.beertestshop.exception.GlobalExceptionHandler.handleSpringSecurityAccessDenied(org.springframework.security.access.AccessDeniedException), public org.springframework.http.ResponseEntity com.beertestshop.exception.GlobalExceptionHandler.handleAccessDenied(org.springframework.security.access.AccessDeniedException)}
	at org.springframework.web.method.annotation.ExceptionHandlerMethodResolver.addExceptionMapping(ExceptionHandlerMethodResolver.java:114)
	at org.springframework.web.method.annotation.ExceptionHandlerMethodResolver.<init>(ExceptionHandlerMethodResolver.java:78)
	at org.springframework.web.servlet.mvc.method.annotation.ExceptionHandlerExceptionResolver.initExceptionHandlerAdviceCache(ExceptionHandlerExceptionResolver.java:289)
	at org.springframework.web.servlet.mvc.method.annotation.ExceptionHandlerExceptionResolver.afterPropertiesSet(ExceptionHandlerExceptionResolver.java:256)
	at org.springframework.web.servlet.config.annotation.WebMvcConfigurationSupport.addDefaultHandlerExceptionResolvers(WebMvcConfigurationSupport.java:1063)
	at org.springframework.web.servlet.config.annotation.WebMvcConfigurationSupport.handlerExceptionResolver(WebMvcConfigurationSupport.java:1005)
	at java.base/jdk.internal.reflect.NativeMethodAccessorImpl.invoke0(Native Method)
	at java.base/jdk.internal.reflect.NativeMethodAccessorImpl.invoke(NativeMethodAccessorImpl.java:77)
	at java.base/jdk.internal.reflect.DelegatingMethodAccessorImpl.invoke(DelegatingMethodAccessorImpl.java:43)
	at java.base/java.lang.reflect.Method.invoke(Method.java:568)
	at org.springframework.beans.factory.support.SimpleInstantiationStrategy.instantiate(SimpleInstantiationStrategy.java:140)
	... 20 common frames omitted
[INFO] ------------------------------------------------------------------------
[INFO] BUILD FAILURE
[INFO] ------------------------------------------------------------------------
[INFO] Total time:  2.770 s
[INFO] Finished at: 2026-03-04T17:41:24+04:00
[INFO] ------------------------------------------------------------------------
[ERROR] Failed to execute goal org.springframework.boot:spring-boot-maven-plugin:3.2.3:run (default-cli) on project beer-test-shop: Process terminated with exit code: 1 -> [Help 1]
[ERROR] 
[ERROR] To see the full stack trace of the errors, re-run Maven with the -e switch.
[ERROR] Re-run Maven using the -X switch to enable full debug logging.
[ERROR] 
[ERROR] For more information about the errors and possible solutions, please read the following articles:
[ERROR] [Help 1] http://cwiki.apache.org/confluence/display/MAVEN/MojoExecutionException
